0 info it worked if it ends with ok
1 verbose cli [ 'C:\\Program Files\\nodejs\\node.exe',
1 verbose cli   'C:\\Program Files\\nodejs\\node_modules\\npm\\bin\\npm-cli.js',
1 verbose cli   'run',
1 verbose cli   'lite' ]
2 info using npm@3.7.3
3 info using node@v5.9.1
4 verbose run-script [ 'prelite', 'lite', 'postlite' ]
5 info lifecycle Ni5@0.0.1~prelite: Ni5@0.0.1
6 silly lifecycle Ni5@0.0.1~prelite: no script for prelite, continuing
7 info lifecycle Ni5@0.0.1~lite: Ni5@0.0.1
8 verbose lifecycle Ni5@0.0.1~lite: unsafe-perm in lifecycle true
9 verbose lifecycle Ni5@0.0.1~lite: PATH: C:\Program Files\nodejs\node_modules\npm\bin\node-gyp-bin;C:\Users\Bernardo\Documents\Ni5\node_modules\.bin;C:\Program Files\nodejs;C:\Program Files\nodejs\node_modules\npm\bin\node-gyp-bin;C:\Users\Bernardo\Documents\Ni5\node_modules\.bin;C:\Program Files\nodejs;C:\Program Files\Python35\Scripts\;C:\Program Files\Python35\;C:\ProgramData\Oracle\Java\javapath;C:\Program Files\Java\jdk1.8.0_60;C:\Program Files\Java\jdk1.8.0_60\bin;C:\WINDOWS\system32;C:\WINDOWS;C:\WINDOWS\System32\Wbem;C:\WINDOWS\System32\WindowsPowerShell\v1.0\;C:\Program Files\Git\cmd;C:\bin\apache-maven-3.3.3\bin;C:\Program Files\nodejs\;C:\Users\Bernardo\AppData\Roaming\npm
10 verbose lifecycle Ni5@0.0.1~lite: CWD: C:\Users\Bernardo\Documents\Ni5
11 silly lifecycle Ni5@0.0.1~lite: Args: [ '/d /s /c', 'lite-server' ]
12 silly lifecycle Ni5@0.0.1~lite: Returned: code: 3  signal: null
13 info lifecycle Ni5@0.0.1~lite: Failed to exec lite script
14 verbose stack Error: Ni5@0.0.1 lite: `lite-server`
14 verbose stack Exit status 3
14 verbose stack     at EventEmitter.<anonymous> (C:\Program Files\nodejs\node_modules\npm\lib\utils\lifecycle.js:239:16)
14 verbose stack     at emitTwo (events.js:100:13)
14 verbose stack     at EventEmitter.emit (events.js:185:7)
14 verbose stack     at ChildProcess.<anonymous> (C:\Program Files\nodejs\node_modules\npm\lib\utils\spawn.js:24:14)
14 verbose stack     at emitTwo (events.js:100:13)
14 verbose stack     at ChildProcess.emit (events.js:185:7)
14 verbose stack     at maybeClose (internal/child_process.js:850:16)
14 verbose stack     at Process.ChildProcess._handle.onexit (internal/child_process.js:215:5)
15 verbose pkgid Ni5@0.0.1
16 verbose cwd C:\Users\Bernardo\Documents\Ni5
17 error Windows_NT 10.0.10586
18 error argv "C:\\Program Files\\nodejs\\node.exe" "C:\\Program Files\\nodejs\\node_modules\\npm\\bin\\npm-cli.js" "run" "lite"
19 error node v5.9.1
20 error npm  v3.7.3
21 error code ELIFECYCLE
22 error Ni5@0.0.1 lite: `lite-server`
22 error Exit status 3
23 error Failed at the Ni5@0.0.1 lite script 'lite-server'.
23 error Make sure you have the latest version of node.js and npm installed.
23 error If you do, this is most likely a problem with the Ni5 package,
23 error not with npm itself.
23 error Tell the author that this fails on your system:
23 error     lite-server
23 error You can get information on how to open an issue for this project with:
23 error     npm bugs Ni5
23 error Or if that isn't available, you can get their info via:
23 error     npm owner ls Ni5
23 error There is likely additional logging output above.
24 verbose exit [ 1, true ]
